<?xml version="1.0" encoding="UTF-8"?>
<testng-results ignored="0" total="1" passed="1" failed="0" skipped="0">
  <reporter-output>
  </reporter-output>
  <suite started-at="2022-11-09T13:55:34 EST" name="Default suite" finished-at="2022-11-09T13:56:00 EST" duration-ms="26124">
    <groups>
    </groups>
    <test started-at="2022-11-09T13:55:34 EST" name="Default test" finished-at="2022-11-09T13:56:00 EST" duration-ms="26124">
      <class name="Demo.SeleniumMentoring.AmazonTest">
        <test-method is-config="true" signature="Ibrowsers(java.lang.String,java.lang.String)[pri:0, instance:Demo.SeleniumMentoring.AmazonTest@2a7f1f10]" started-at="2022-11-09T13:55:34 EST" name="Ibrowsers" finished-at="2022-11-09T13:55:53 EST" duration-ms="18966" status="PASS">
          <params>
            <param index="0">
              <value>
                <![CDATA[Edge]]>
              </value>
            </param>
            <param index="1">
              <value>
                <![CDATA[https://www.amazon.com/]]>
              </value>
            </param>
          </params>
          <reporter-output>
          </reporter-output>
        </test-method> <!-- Ibrowsers -->
        <test-method signature="f()[pri:0, instance:Demo.SeleniumMentoring.AmazonTest@2a7f1f10]" started-at="2022-11-09T13:55:53 EST" name="f" finished-at="2022-11-09T13:56:00 EST" duration-ms="7096" status="PASS">
          <reporter-output>
          </reporter-output>
        </test-method> <!-- f -->
        <test-method is-config="true" signature="afterClass()[pri:0, instance:Demo.SeleniumMentoring.AmazonTest@2a7f1f10]" started-at="2022-11-09T13:56:00 EST" name="afterClass" finished-at="2022-11-09T13:56:00 EST" duration-ms="0" status="PASS">
          <reporter-output>
          </reporter-output>
        </test-method> <!-- afterClass -->
      </class> <!-- Demo.SeleniumMentoring.AmazonTest -->
    </test> <!-- Default test -->
  </suite> <!-- Default suite -->
</testng-results>
